<?xml version="1.0" encoding="UTF-8"?>
<!-- Generated by org.testng.reporters.JUnitXMLReporter -->
<testsuite ignored="0" hostname="LAPTOP-36L19OOQ" failures="1" tests="2" name="Test" time="29.874" errors="0" timestamp="2023-02-27T11:41:14 IST">
  <testcase classname="com.netbanking.testCases.TC_LoginDDT_002" name="loginDDT" time="17.465"/>
  <testcase classname="com.netbanking.testCases.TC_LoginDDT_002" name="loginDDT" time="8.949">
    <failure type="java.lang.AssertionError" message="expected [true] but found [false]">
      <![CDATA[java.lang.AssertionError: expected [true] but found [false]
at com.netbanking.testCases.TC_LoginDDT_002.loginDDT(TC_LoginDDT_002.java:37)
at java.base/java.util.ArrayList.forEach(ArrayList.java:1511)
... Removed 31 stack frames]]>
    </failure>
  </testcase> <!-- loginDDT -->
</testsuite> <!-- Test -->
