<?xml version="1.0" encoding="UTF-8"?>
<testng-results ignored="0" total="1" passed="1" failed="0" skipped="0">
  <reporter-output>
  </reporter-output>
  <suite started-at="2023-02-27T16:39:39 IST" name="Suite" finished-at="2023-02-27T16:39:50 IST" duration-ms="10620">
    <groups>
    </groups>
    <test started-at="2023-02-27T16:39:39 IST" name="Test" finished-at="2023-02-27T16:39:50 IST" duration-ms="10620">
      <class name="com.netbanking.testCases.TC_LoginTest_001">
        <test-method is-config="true" signature="setUp(java.lang.String)[pri:0, instance:com.netbanking.testCases.TC_LoginTest_001@446293d]" started-at="2023-02-27T16:39:40 IST" name="setUp" finished-at="2023-02-27T16:39:42 IST" duration-ms="2295" status="PASS">
          <params>
            <param index="0">
              <value>
                <![CDATA[chrome]]>
              </value>
            </param>
          </params>
          <reporter-output>
          </reporter-output>
        </test-method> <!-- setUp -->
        <test-method signature="loginTest()[pri:0, instance:com.netbanking.testCases.TC_LoginTest_001@446293d]" started-at="2023-02-27T16:39:42 IST" name="loginTest" finished-at="2023-02-27T16:39:50 IST" duration-ms="7518" status="PASS">
          <reporter-output>
          </reporter-output>
        </test-method> <!-- loginTest -->
        <test-method is-config="true" signature="tearDown()[pri:0, instance:com.netbanking.testCases.TC_LoginTest_001@446293d]" started-at="2023-02-27T16:39:50 IST" name="tearDown" finished-at="2023-02-27T16:39:50 IST" duration-ms="242" status="PASS">
          <reporter-output>
          </reporter-output>
        </test-method> <!-- tearDown -->
      </class> <!-- com.netbanking.testCases.TC_LoginTest_001 -->
    </test> <!-- Test -->
  </suite> <!-- Suite -->
</testng-results>
